# JRE version: OpenJDK Runtime Environment Corretto-18.0.2.9.1 (18.0.2+9) (build 18.0.2+9-FR)
# Java VM: OpenJDK 64-Bit Server VM Corretto-18.0.2.9.1 (18.0.2+9-FR, mixed mode, tiered, compressed oops, compressed class ptrs, g1 gc, linux-amd64)
Heap:
 garbage-first heap   total 291840K, used 76276K [0x0000000087000000, 0x0000000100000000)
  region size 1024K, 3 young (3072K), 1 survivors (1024K)
 Metaspace       used 37328K, committed 37696K, reserved 1114112K
  class space    used 4110K, committed 4288K, reserved 1048576K
GC Heap History (20 events):
Event: 1418.078 GC heap before
{Heap before GC invocations=318 (full 0):
 garbage-first heap   total 291840K, used 132563K [0x0000000087000000, 0x0000000100000000)
  region size 1024K, 4 young (4096K), 1 survivors (1024K)
 Metaspace       used 37328K, committed 37696K, reserved 1114112K
  class space    used 4110K, committed 4288K, reserved 1048576K
}
Event: 1418.080 GC heap after
{Heap after GC invocations=319 (full 0):
 garbage-first heap   total 291840K, used 69079K [0x0000000087000000, 0x0000000100000000)
  region size 1024K, 1 young (1024K), 1 survivors (1024K)
 Metaspace       used 37328K, committed 37696K, reserved 1114112K
  class space    used 4110K, committed 4288K, reserved 1048576K
}
Event: 1428.418 GC heap before
{Heap before GC invocations=319 (full 0):
 garbage-first heap   total 291840K, used 132567K [0x0000000087000000, 0x0000000100000000)
  region size 1024K, 4 young (4096K), 1 survivors (1024K)
 Metaspace       used 37328K, committed 37696K, reserved 1114112K
  class space    used 4110K, committed 4288K, reserved 1048576K
}
Event: 1428.419 GC heap after
{Heap after GC invocations=320 (full 0):
 garbage-first heap   total 291840K, used 69075K [0x0000000087000000, 0x0000000100000000)
  region size 1024K, 1 young (1024K), 1 survivors (1024K)
 Metaspace       used 37328K, committed 37696K, reserved 1114112K
  class space    used 4110K, committed 4288K, reserved 1048576K
}
Event: 1441.007 GC heap before
{Heap before GC invocations=320 (full 0):
 garbage-first heap   total 291840K, used 132563K [0x0000000087000000, 0x0000000100000000)
  region size 1024K, 4 young (4096K), 1 survivors (1024K)
 Metaspace       used 37328K, committed 37696K, reserved 1114112K
  class space    used 4110K, committed 4288K, reserved 1048576K
}
Event: 1441.010 GC heap after
{Heap after GC invocations=321 (full 0):
 garbage-first heap   total 291840K, used 69079K [0x0000000087000000, 0x0000000100000000)
  region size 1024K, 1 young (1024K), 1 survivors (1024K)
 Metaspace       used 37328K, committed 37696K, reserved 1114112K
  class space    used 4110K, committed 4288K, reserved 1048576K
}
Event: 1451.922 GC heap before
{Heap before GC invocations=321 (full 0):
 garbage-first heap   total 291840K, used 133591K [0x0000000087000000, 0x0000000100000000)
  region size 1024K, 5 young (5120K), 1 survivors (1024K)
 Metaspace       used 37328K, committed 37696K, reserved 1114112K
  class space    used 4110K, committed 4288K, reserved 1048576K
}
Event: 1451.923 GC heap after
{Heap after GC invocations=322 (full 0):
 garbage-first heap   total 291840K, used 69079K [0x0000000087000000, 0x0000000100000000)
  region size 1024K, 1 young (1024K), 1 survivors (1024K)
 Metaspace       used 37328K, committed 37696K, reserved 1114112K
  class space    used 4110K, committed 4288K, reserved 1048576K
}
Event: 1462.505 GC heap before
{Heap before GC invocations=322 (full 0):
 garbage-first heap   total 291840K, used 132567K [0x0000000087000000, 0x0000000100000000)
  region size 1024K, 4 young (4096K), 1 survivors (1024K)
 Metaspace       used 37328K, committed 37696K, reserved 1114112K
  class space    used 4110K, committed 4288K, reserved 1048576K
}
Event: 1462.507 GC heap after
{Heap after GC invocations=323 (full 0):
 garbage-first heap   total 291840K, used 69075K [0x0000000087000000, 0x0000000100000000)
  region size 1024K, 1 young (1024K), 1 survivors (1024K)
 Metaspace       used 37328K, committed 37696K, reserved 1114112K
  class space    used 4110K, committed 4288K, reserved 1048576K
}
Event: 1473.147 GC heap before
{Heap before GC invocations=323 (full 0):
 garbage-first heap   total 291840K, used 132563K [0x0000000087000000, 0x0000000100000000)
  region size 1024K, 4 young (4096K), 1 survivors (1024K)
 Metaspace       used 37328K, committed 37696K, reserved 1114112K
  class space    used 4110K, committed 4288K, reserved 1048576K
}
Event: 1473.149 GC heap after
{Heap after GC invocations=324 (full 0):
 garbage-first heap   total 291840K, used 69081K [0x0000000087000000, 0x0000000100000000)
  region size 1024K, 1 young (1024K), 1 survivors (1024K)
 Metaspace       used 37328K, committed 37696K, reserved 1114112K
  class space    used 4110K, committed 4288K, reserved 1048576K
}
Event: 1484.794 GC heap before
{Heap before GC invocations=324 (full 0):
 garbage-first heap   total 291840K, used 132569K [0x0000000087000000, 0x0000000100000000)
  region size 1024K, 4 young (4096K), 1 survivors (1024K)
 Metaspace       used 37328K, committed 37696K, reserved 1114112K
  class space    used 4110K, committed 4288K, reserved 1048576K
}
Event: 1484.796 GC heap after
{Heap after GC invocations=325 (full 0):
 garbage-first heap   total 291840K, used 69079K [0x0000000087000000, 0x0000000100000000)
  region size 1024K, 1 young (1024K), 1 survivors (1024K)
 Metaspace       used 37328K, committed 37696K, reserved 1114112K
  class space    used 4110K, committed 4288K, reserved 1048576K
}
Event: 1495.406 GC heap before
{Heap before GC invocations=325 (full 0):
 garbage-first heap   total 291840K, used 132567K [0x0000000087000000, 0x0000000100000000)
  region size 1024K, 4 young (4096K), 1 survivors (1024K)
 Metaspace       used 37328K, committed 37696K, reserved 1114112K
  class space    used 4110K, committed 4288K, reserved 1048576K
}
Event: 1495.408 GC heap after
{Heap after GC invocations=326 (full 0):
 garbage-first heap   total 291840K, used 69082K [0x0000000087000000, 0x0000000100000000)
  region size 1024K, 1 young (1024K), 1 survivors (1024K)
 Metaspace       used 37328K, committed 37696K, reserved 1114112K
  class space    used 4110K, committed 4288K, reserved 1048576K
}
Event: 1504.761 GC heap before
{Heap before GC invocations=326 (full 0):
 garbage-first heap   total 291840K, used 132570K [0x0000000087000000, 0x0000000100000000)
  region size 1024K, 4 young (4096K), 1 survivors (1024K)
 Metaspace       used 37328K, committed 37696K, reserved 1114112K
  class space    used 4110K, committed 4288K, reserved 1048576K
}
Event: 1504.763 GC heap after
{Heap after GC invocations=327 (full 0):
 garbage-first heap   total 291840K, used 69082K [0x0000000087000000, 0x0000000100000000)
  region size 1024K, 1 young (1024K), 1 survivors (1024K)
 Metaspace       used 37328K, committed 37696K, reserved 1114112K
  class space    used 4110K, committed 4288K, reserved 1048576K
}
Event: 1514.581 GC heap before
{Heap before GC invocations=327 (full 0):
 garbage-first heap   total 291840K, used 132570K [0x0000000087000000, 0x0000000100000000)
  region size 1024K, 4 young (4096K), 1 survivors (1024K)
 Metaspace       used 37328K, committed 37696K, reserved 1114112K
  class space    used 4110K, committed 4288K, reserved 1048576K
}
Event: 1514.583 GC heap after
{Heap after GC invocations=328 (full 0):
 garbage-first heap   total 291840K, used 69106K [0x0000000087000000, 0x0000000100000000)
  region size 1024K, 1 young (1024K), 1 survivors (1024K)
 Metaspace       used 37328K, committed 37696K, reserved 1114112K
  class space    used 4110K, committed 4288K, reserved 1048576K
}

