# JRE version: OpenJDK Runtime Environment Corretto-18.0.2.9.1 (18.0.2+9) (build 18.0.2+9-FR)
# Java VM: OpenJDK 64-Bit Server VM Corretto-18.0.2.9.1 (18.0.2+9-FR, mixed mode, tiered, compressed oops, compressed class ptrs, g1 gc, linux-amd64)
Heap:
 garbage-first heap   total 304128K, used 130878K [0x0000000087000000, 0x0000000100000000)
  region size 1024K, 5 young (5120K), 1 survivors (1024K)
 Metaspace       used 36700K, committed 37056K, reserved 1114112K
  class space    used 4096K, committed 4288K, reserved 1048576K
GC Heap History (20 events):
Event: 55.967 GC heap before
{Heap before GC invocations=22 (full 0):
 garbage-first heap   total 304128K, used 142604K [0x0000000087000000, 0x0000000100000000)
  region size 1024K, 8 young (8192K), 1 survivors (1024K)
 Metaspace       used 36018K, committed 36352K, reserved 1114112K
  class space    used 4087K, committed 4224K, reserved 1048576K
}
Event: 55.969 GC heap after
{Heap after GC invocations=23 (full 0):
 garbage-first heap   total 304128K, used 73261K [0x0000000087000000, 0x0000000100000000)
  region size 1024K, 1 young (1024K), 1 survivors (1024K)
 Metaspace       used 36018K, committed 36352K, reserved 1114112K
  class space    used 4087K, committed 4224K, reserved 1048576K
}
Event: 64.251 GC heap before
{Heap before GC invocations=23 (full 0):
 garbage-first heap   total 304128K, used 141869K [0x0000000087000000, 0x0000000100000000)
  region size 1024K, 7 young (7168K), 1 survivors (1024K)
 Metaspace       used 36257K, committed 36672K, reserved 1114112K
  class space    used 4094K, committed 4288K, reserved 1048576K
}
Event: 64.252 GC heap after
{Heap after GC invocations=24 (full 0):
 garbage-first heap   total 304128K, used 62917K [0x0000000087000000, 0x0000000100000000)
  region size 1024K, 1 young (1024K), 1 survivors (1024K)
 Metaspace       used 36257K, committed 36672K, reserved 1114112K
  class space    used 4094K, committed 4288K, reserved 1048576K
}
Event: 75.501 GC heap before
{Heap before GC invocations=24 (full 0):
 garbage-first heap   total 304128K, used 141765K [0x0000000087000000, 0x0000000100000000)
  region size 1024K, 7 young (7168K), 1 survivors (1024K)
 Metaspace       used 36288K, committed 36672K, reserved 1114112K
  class space    used 4094K, committed 4288K, reserved 1048576K
}
Event: 75.502 GC heap after
{Heap after GC invocations=25 (full 0):
 garbage-first heap   total 304128K, used 67897K [0x0000000087000000, 0x0000000100000000)
  region size 1024K, 1 young (1024K), 1 survivors (1024K)
 Metaspace       used 36288K, committed 36672K, reserved 1114112K
  class space    used 4094K, committed 4288K, reserved 1048576K
}
Event: 85.044 GC heap before
{Heap before GC invocations=25 (full 0):
 garbage-first heap   total 304128K, used 140601K [0x0000000087000000, 0x0000000100000000)
  region size 1024K, 7 young (7168K), 1 survivors (1024K)
 Metaspace       used 36326K, committed 36736K, reserved 1114112K
  class space    used 4094K, committed 4288K, reserved 1048576K
}
Event: 85.047 GC heap after
{Heap after GC invocations=26 (full 0):
 garbage-first heap   total 304128K, used 62852K [0x0000000087000000, 0x0000000100000000)
  region size 1024K, 1 young (1024K), 1 survivors (1024K)
 Metaspace       used 36326K, committed 36736K, reserved 1114112K
  class space    used 4094K, committed 4288K, reserved 1048576K
}
Event: 98.168 GC heap before
{Heap before GC invocations=26 (full 0):
 garbage-first heap   total 304128K, used 140676K [0x0000000087000000, 0x0000000100000000)
  region size 1024K, 6 young (6144K), 1 survivors (1024K)
 Metaspace       used 36372K, committed 36800K, reserved 1114112K
  class space    used 4095K, committed 4288K, reserved 1048576K
}
Event: 98.170 GC heap after
{Heap after GC invocations=27 (full 0):
 garbage-first heap   total 304128K, used 68929K [0x0000000087000000, 0x0000000100000000)
  region size 1024K, 1 young (1024K), 1 survivors (1024K)
 Metaspace       used 36372K, committed 36800K, reserved 1114112K
  class space    used 4095K, committed 4288K, reserved 1048576K
}
Event: 110.306 GC heap before
{Heap before GC invocations=27 (full 0):
 garbage-first heap   total 304128K, used 139585K [0x0000000087000000, 0x0000000100000000)
  region size 1024K, 5 young (5120K), 1 survivors (1024K)
 Metaspace       used 36422K, committed 36800K, reserved 1114112K
  class space    used 4095K, committed 4288K, reserved 1048576K
}
Event: 110.307 GC heap after
{Heap after GC invocations=28 (full 0):
 garbage-first heap   total 304128K, used 71992K [0x0000000087000000, 0x0000000100000000)
  region size 1024K, 1 young (1024K), 1 survivors (1024K)
 Metaspace       used 36422K, committed 36800K, reserved 1114112K
  class space    used 4095K, committed 4288K, reserved 1048576K
}
Event: 122.124 GC heap before
{Heap before GC invocations=28 (full 0):
 garbage-first heap   total 304128K, used 138552K [0x0000000087000000, 0x0000000100000000)
  region size 1024K, 5 young (5120K), 1 survivors (1024K)
 Metaspace       used 36485K, committed 36928K, reserved 1114112K
  class space    used 4095K, committed 4288K, reserved 1048576K
}
Event: 122.125 GC heap after
{Heap after GC invocations=29 (full 0):
 garbage-first heap   total 304128K, used 69946K [0x0000000087000000, 0x0000000100000000)
  region size 1024K, 1 young (1024K), 1 survivors (1024K)
 Metaspace       used 36485K, committed 36928K, reserved 1114112K
  class space    used 4095K, committed 4288K, reserved 1048576K
}
Event: 133.702 GC heap before
{Heap before GC invocations=29 (full 0):
 garbage-first heap   total 304128K, used 138554K [0x0000000087000000, 0x0000000100000000)
  region size 1024K, 5 young (5120K), 1 survivors (1024K)
 Metaspace       used 36509K, committed 36928K, reserved 1114112K
  class space    used 4095K, committed 4288K, reserved 1048576K
}
Event: 133.703 GC heap after
{Heap after GC invocations=30 (full 0):
 garbage-first heap   total 304128K, used 71995K [0x0000000087000000, 0x0000000100000000)
  region size 1024K, 1 young (1024K), 1 survivors (1024K)
 Metaspace       used 36509K, committed 36928K, reserved 1114112K
  class space    used 4095K, committed 4288K, reserved 1048576K
}
Event: 144.600 GC heap before
{Heap before GC invocations=30 (full 0):
 garbage-first heap   total 304128K, used 138555K [0x0000000087000000, 0x0000000100000000)
  region size 1024K, 5 young (5120K), 1 survivors (1024K)
 Metaspace       used 36591K, committed 36992K, reserved 1114112K
  class space    used 4095K, committed 4288K, reserved 1048576K
}
Event: 144.603 GC heap after
{Heap after GC invocations=31 (full 0):
 garbage-first heap   total 304128K, used 69974K [0x0000000087000000, 0x0000000100000000)
  region size 1024K, 1 young (1024K), 1 survivors (1024K)
 Metaspace       used 36591K, committed 36992K, reserved 1114112K
  class space    used 4095K, committed 4288K, reserved 1048576K
}
Event: 156.901 GC heap before
{Heap before GC invocations=31 (full 0):
 garbage-first heap   total 304128K, used 138582K [0x0000000087000000, 0x0000000100000000)
  region size 1024K, 5 young (5120K), 1 survivors (1024K)
 Metaspace       used 36638K, committed 36992K, reserved 1114112K
  class space    used 4095K, committed 4288K, reserved 1048576K
}
Event: 156.902 GC heap after
{Heap after GC invocations=32 (full 0):
 garbage-first heap   total 304128K, used 71996K [0x0000000087000000, 0x0000000100000000)
  region size 1024K, 1 young (1024K), 1 survivors (1024K)
 Metaspace       used 36638K, committed 36992K, reserved 1114112K
  class space    used 4095K, committed 4288K, reserved 1048576K
}

