# JRE version: OpenJDK Runtime Environment Corretto-18.0.2.9.1 (18.0.2+9) (build 18.0.2+9-FR)
# Java VM: OpenJDK 64-Bit Server VM Corretto-18.0.2.9.1 (18.0.2+9-FR, mixed mode, tiered, compressed oops, compressed class ptrs, g1 gc, linux-amd64)
Heap:
 garbage-first heap   total 166912K, used 106677K [0x0000000087000000, 0x0000000100000000)
  region size 1024K, 36 young (36864K), 4 survivors (4096K)
 Metaspace       used 36409K, committed 36928K, reserved 1114112K
  class space    used 4115K, committed 4416K, reserved 1048576K
GC Heap History (20 events):
Event: 27.100 GC heap before
{Heap before GC invocations=11 (full 0):
 garbage-first heap   total 96256K, used 47678K [0x0000000087000000, 0x0000000100000000)
  region size 1024K, 8 young (8192K), 2 survivors (2048K)
 Metaspace       used 35383K, committed 35840K, reserved 1114112K
  class space    used 4027K, committed 4224K, reserved 1048576K
}
Event: 27.102 GC heap after
{Heap after GC invocations=12 (full 0):
 garbage-first heap   total 96256K, used 44853K [0x0000000087000000, 0x0000000100000000)
  region size 1024K, 3 young (3072K), 3 survivors (3072K)
 Metaspace       used 35383K, committed 35840K, reserved 1114112K
  class space    used 4027K, committed 4224K, reserved 1048576K
}
Event: 27.118 GC heap before
{Heap before GC invocations=12 (full 0):
 garbage-first heap   total 96256K, used 49973K [0x0000000087000000, 0x0000000100000000)
  region size 1024K, 8 young (8192K), 3 survivors (3072K)
 Metaspace       used 35384K, committed 35840K, reserved 1114112K
  class space    used 4027K, committed 4224K, reserved 1048576K
}
Event: 27.120 GC heap after
{Heap after GC invocations=13 (full 0):
 garbage-first heap   total 96256K, used 46314K [0x0000000087000000, 0x0000000100000000)
  region size 1024K, 2 young (2048K), 2 survivors (2048K)
 Metaspace       used 35384K, committed 35840K, reserved 1114112K
  class space    used 4027K, committed 4224K, reserved 1048576K
}
Event: 33.600 GC heap before
{Heap before GC invocations=14 (full 0):
 garbage-first heap   total 96256K, used 94442K [0x0000000087000000, 0x0000000100000000)
  region size 1024K, 25 young (25600K), 2 survivors (2048K)
 Metaspace       used 35409K, committed 35840K, reserved 1114112K
  class space    used 4029K, committed 4224K, reserved 1048576K
}
Event: 33.601 GC heap after
{Heap after GC invocations=15 (full 0):
 garbage-first heap   total 98304K, used 64595K [0x0000000087000000, 0x0000000100000000)
  region size 1024K, 2 young (2048K), 2 survivors (2048K)
 Metaspace       used 35409K, committed 35840K, reserved 1114112K
  class space    used 4029K, committed 4224K, reserved 1048576K
}
Event: 33.605 GC heap before
{Heap before GC invocations=15 (full 0):
 garbage-first heap   total 98304K, used 66643K [0x0000000087000000, 0x0000000100000000)
  region size 1024K, 4 young (4096K), 2 survivors (2048K)
 Metaspace       used 35409K, committed 35840K, reserved 1114112K
  class space    used 4029K, committed 4224K, reserved 1048576K
}
Event: 33.605 GC heap after
{Heap after GC invocations=16 (full 0):
 garbage-first heap   total 98304K, used 64534K [0x0000000087000000, 0x0000000100000000)
  region size 1024K, 1 young (1024K), 1 survivors (1024K)
 Metaspace       used 35409K, committed 35840K, reserved 1114112K
  class space    used 4029K, committed 4224K, reserved 1048576K
}
Event: 33.633 GC heap before
{Heap before GC invocations=16 (full 0):
 garbage-first heap   total 98304K, used 80918K [0x0000000087000000, 0x0000000100000000)
  region size 1024K, 17 young (17408K), 1 survivors (1024K)
 Metaspace       used 35409K, committed 35840K, reserved 1114112K
  class space    used 4029K, committed 4224K, reserved 1048576K
}
Event: 33.634 GC heap after
{Heap after GC invocations=17 (full 0):
 garbage-first heap   total 98304K, used 64532K [0x0000000087000000, 0x0000000100000000)
  region size 1024K, 1 young (1024K), 1 survivors (1024K)
 Metaspace       used 35409K, committed 35840K, reserved 1114112K
  class space    used 4029K, committed 4224K, reserved 1048576K
}
Event: 33.670 GC heap before
{Heap before GC invocations=18 (full 0):
 garbage-first heap   total 112640K, used 78868K [0x0000000087000000, 0x0000000100000000)
  region size 1024K, 18 young (18432K), 1 survivors (1024K)
 Metaspace       used 35409K, committed 35840K, reserved 1114112K
  class space    used 4029K, committed 4224K, reserved 1048576K
}
Event: 33.671 GC heap after
{Heap after GC invocations=19 (full 0):
 garbage-first heap   total 166912K, used 61458K [0x0000000087000000, 0x0000000100000000)
  region size 1024K, 1 young (1024K), 1 survivors (1024K)
 Metaspace       used 35409K, committed 35840K, reserved 1114112K
  class space    used 4029K, committed 4224K, reserved 1048576K
}
Event: 34.997 GC heap before
{Heap before GC invocations=19 (full 0):
 garbage-first heap   total 166912K, used 67602K [0x0000000087000000, 0x0000000100000000)
  region size 1024K, 8 young (8192K), 1 survivors (1024K)
 Metaspace       used 35445K, committed 35904K, reserved 1114112K
  class space    used 4037K, committed 4224K, reserved 1048576K
}
Event: 34.998 GC heap after
{Heap after GC invocations=20 (full 0):
 garbage-first heap   total 166912K, used 58085K [0x0000000087000000, 0x0000000100000000)
  region size 1024K, 1 young (1024K), 1 survivors (1024K)
 Metaspace       used 35445K, committed 35904K, reserved 1114112K
  class space    used 4037K, committed 4224K, reserved 1048576K
}
Event: 45.405 GC heap before
{Heap before GC invocations=20 (full 0):
 garbage-first heap   total 166912K, used 129765K [0x0000000087000000, 0x0000000100000000)
  region size 1024K, 56 young (57344K), 1 survivors (1024K)
 Metaspace       used 35891K, committed 36352K, reserved 1114112K
  class space    used 4074K, committed 4288K, reserved 1048576K
}
Event: 45.407 GC heap after
{Heap after GC invocations=21 (full 0):
 garbage-first heap   total 166912K, used 62611K [0x0000000087000000, 0x0000000100000000)
  region size 1024K, 7 young (7168K), 7 survivors (7168K)
 Metaspace       used 35891K, committed 36352K, reserved 1114112K
  class space    used 4074K, committed 4288K, reserved 1048576K
}
Event: 49.174 GC heap before
{Heap before GC invocations=21 (full 0):
 garbage-first heap   total 166912K, used 145555K [0x0000000087000000, 0x0000000100000000)
  region size 1024K, 69 young (70656K), 7 survivors (7168K)
 Metaspace       used 36368K, committed 36928K, reserved 1114112K
  class space    used 4112K, committed 4416K, reserved 1048576K
}
Event: 49.176 GC heap after
{Heap after GC invocations=22 (full 0):
 garbage-first heap   total 166912K, used 67975K [0x0000000087000000, 0x0000000100000000)
  region size 1024K, 5 young (5120K), 5 survivors (5120K)
 Metaspace       used 36368K, committed 36928K, reserved 1114112K
  class space    used 4112K, committed 4416K, reserved 1048576K
}
Event: 49.789 GC heap before
{Heap before GC invocations=22 (full 0):
 garbage-first heap   total 166912K, used 128391K [0x0000000087000000, 0x0000000100000000)
  region size 1024K, 54 young (55296K), 5 survivors (5120K)
 Metaspace       used 36382K, committed 36928K, reserved 1114112K
  class space    used 4113K, committed 4416K, reserved 1048576K
}
Event: 49.790 GC heap after
{Heap after GC invocations=23 (full 0):
 garbage-first heap   total 166912K, used 66323K [0x0000000087000000, 0x0000000100000000)
  region size 1024K, 4 young (4096K), 4 survivors (4096K)
 Metaspace       used 36382K, committed 36928K, reserved 1114112K
  class space    used 4113K, committed 4416K, reserved 1048576K
}

