# JRE version: OpenJDK Runtime Environment Corretto-18.0.2.9.1 (18.0.2+9) (build 18.0.2+9-FR)
# Java VM: OpenJDK 64-Bit Server VM Corretto-18.0.2.9.1 (18.0.2+9-FR, mixed mode, tiered, compressed oops, compressed class ptrs, g1 gc, linux-amd64)
Heap:
 garbage-first heap   total 76800K, used 30491K [0x0000000087000000, 0x0000000100000000)
  region size 1024K, 8 young (8192K), 4 survivors (4096K)
 Metaspace       used 33379K, committed 33792K, reserved 1114112K
  class space    used 3849K, committed 4032K, reserved 1048576K
GC Heap History (10 events):
Event: 0.401 GC heap before
{Heap before GC invocations=0 (full 0):
 garbage-first heap   total 124928K, used 20480K [0x0000000087000000, 0x0000000100000000)
  region size 1024K, 21 young (21504K), 0 survivors (0K)
 Metaspace       used 10187K, committed 10368K, reserved 1114112K
  class space    used 877K, committed 960K, reserved 1048576K
}
Event: 0.406 GC heap after
{Heap after GC invocations=1 (full 0):
 garbage-first heap   total 124928K, used 7288K [0x0000000087000000, 0x0000000100000000)
  region size 1024K, 3 young (3072K), 3 survivors (3072K)
 Metaspace       used 10187K, committed 10368K, reserved 1114112K
  class space    used 877K, committed 960K, reserved 1048576K
}
Event: 0.862 GC heap before
{Heap before GC invocations=1 (full 0):
 garbage-first heap   total 124928K, used 26744K [0x0000000087000000, 0x0000000100000000)
  region size 1024K, 23 young (23552K), 3 survivors (3072K)
 Metaspace       used 14126K, committed 14336K, reserved 1114112K
  class space    used 1332K, committed 1408K, reserved 1048576K
}
Event: 0.865 GC heap after
{Heap after GC invocations=2 (full 0):
 garbage-first heap   total 124928K, used 9434K [0x0000000087000000, 0x0000000100000000)
  region size 1024K, 3 young (3072K), 3 survivors (3072K)
 Metaspace       used 14126K, committed 14336K, reserved 1114112K
  class space    used 1332K, committed 1408K, reserved 1048576K
}
Event: 1.398 GC heap before
{Heap before GC invocations=2 (full 0):
 garbage-first heap   total 124928K, used 41178K [0x0000000087000000, 0x0000000100000000)
  region size 1024K, 29 young (29696K), 3 survivors (3072K)
 Metaspace       used 21202K, committed 21504K, reserved 1114112K
  class space    used 2338K, committed 2496K, reserved 1048576K
}
Event: 1.401 GC heap after
{Heap after GC invocations=3 (full 0):
 garbage-first heap   total 124928K, used 21052K [0x0000000087000000, 0x0000000100000000)
  region size 1024K, 5 young (5120K), 5 survivors (5120K)
 Metaspace       used 21202K, committed 21504K, reserved 1114112K
  class space    used 2338K, committed 2496K, reserved 1048576K
}
Event: 8.550 GC heap before
{Heap before GC invocations=4 (full 0):
 garbage-first heap   total 71680K, used 64060K [0x0000000087000000, 0x0000000100000000)
  region size 1024K, 43 young (44032K), 5 survivors (5120K)
 Metaspace       used 31087K, committed 31424K, reserved 1114112K
  class space    used 3641K, committed 3840K, reserved 1048576K
}
Event: 8.555 GC heap after
{Heap after GC invocations=5 (full 0):
 garbage-first heap   total 76800K, used 23892K [0x0000000087000000, 0x0000000100000000)
  region size 1024K, 5 young (5120K), 5 survivors (5120K)
 Metaspace       used 31087K, committed 31424K, reserved 1114112K
  class space    used 3641K, committed 3840K, reserved 1048576K
}
Event: 13.304 GC heap before
{Heap before GC invocations=5 (full 0):
 garbage-first heap   total 76800K, used 50516K [0x0000000087000000, 0x0000000100000000)
  region size 1024K, 30 young (30720K), 5 survivors (5120K)
 Metaspace       used 33015K, committed 33344K, reserved 1114112K
  class space    used 3807K, committed 3968K, reserved 1048576K
}
Event: 13.308 GC heap after
{Heap after GC invocations=6 (full 0):
 garbage-first heap   total 76800K, used 26409K [0x0000000087000000, 0x0000000100000000)
  region size 1024K, 4 young (4096K), 4 survivors (4096K)
 Metaspace       used 33015K, committed 33344K, reserved 1114112K
  class space    used 3807K, committed 3968K, reserved 1048576K
}

