# JRE version: OpenJDK Runtime Environment Corretto-18.0.2.9.1 (18.0.2+9) (build 18.0.2+9-FR)
# Java VM: OpenJDK 64-Bit Server VM Corretto-18.0.2.9.1 (18.0.2+9-FR, mixed mode, tiered, compressed oops, compressed class ptrs, g1 gc, linux-amd64)
Heap:
 garbage-first heap   total 175104K, used 80709K [0x0000000087000000, 0x0000000100000000)
  region size 1024K, 26 young (26624K), 2 survivors (2048K)
 Metaspace       used 38442K, committed 38912K, reserved 1114112K
  class space    used 4387K, committed 4608K, reserved 1048576K
GC Heap History (18 events):
Event: 0.241 GC heap before
{Heap before GC invocations=0 (full 0):
 garbage-first heap   total 124928K, used 20480K [0x0000000087000000, 0x0000000100000000)
  region size 1024K, 21 young (21504K), 0 survivors (0K)
 Metaspace       used 10202K, committed 10368K, reserved 1114112K
  class space    used 877K, committed 960K, reserved 1048576K
}
Event: 0.246 GC heap after
{Heap after GC invocations=1 (full 0):
 garbage-first heap   total 124928K, used 7240K [0x0000000087000000, 0x0000000100000000)
  region size 1024K, 3 young (3072K), 3 survivors (3072K)
 Metaspace       used 10202K, committed 10368K, reserved 1114112K
  class space    used 877K, committed 960K, reserved 1048576K
}
Event: 0.552 GC heap before
{Heap before GC invocations=1 (full 0):
 garbage-first heap   total 124928K, used 30792K [0x0000000087000000, 0x0000000100000000)
  region size 1024K, 27 young (27648K), 3 survivors (3072K)
 Metaspace       used 15063K, committed 15232K, reserved 1114112K
  class space    used 1455K, committed 1536K, reserved 1048576K
}
Event: 0.557 GC heap after
{Heap after GC invocations=2 (full 0):
 garbage-first heap   total 124928K, used 10762K [0x0000000087000000, 0x0000000100000000)
  region size 1024K, 4 young (4096K), 4 survivors (4096K)
 Metaspace       used 15063K, committed 15232K, reserved 1114112K
  class space    used 1455K, committed 1536K, reserved 1048576K
}
Event: 0.842 GC heap before
{Heap before GC invocations=2 (full 0):
 garbage-first heap   total 124928K, used 38410K [0x0000000087000000, 0x0000000100000000)
  region size 1024K, 26 young (26624K), 4 survivors (4096K)
 Metaspace       used 21210K, committed 21504K, reserved 1114112K
  class space    used 2339K, committed 2496K, reserved 1048576K
}
Event: 0.845 GC heap after
{Heap after GC invocations=3 (full 0):
 garbage-first heap   total 124928K, used 21461K [0x0000000087000000, 0x0000000100000000)
  region size 1024K, 4 young (4096K), 4 survivors (4096K)
 Metaspace       used 21210K, committed 21504K, reserved 1114112K
  class space    used 2339K, committed 2496K, reserved 1048576K
}
Event: 8.703 GC heap before
{Heap before GC invocations=4 (full 0):
 garbage-first heap   total 71680K, used 67541K [0x0000000087000000, 0x0000000100000000)
  region size 1024K, 45 young (46080K), 4 survivors (4096K)
 Metaspace       used 31038K, committed 31424K, reserved 1114112K
  class space    used 3633K, committed 3840K, reserved 1048576K
}
Event: 8.709 GC heap after
{Heap after GC invocations=5 (full 0):
 garbage-first heap   total 79872K, used 25943K [0x0000000087000000, 0x0000000100000000)
  region size 1024K, 6 young (6144K), 6 survivors (6144K)
 Metaspace       used 31038K, committed 31424K, reserved 1114112K
  class space    used 3633K, committed 3840K, reserved 1048576K
}
Event: 17.381 GC heap before
{Heap before GC invocations=5 (full 0):
 garbage-first heap   total 79872K, used 55639K [0x0000000087000000, 0x0000000100000000)
  region size 1024K, 32 young (32768K), 6 survivors (6144K)
 Metaspace       used 33288K, committed 33664K, reserved 1114112K
  class space    used 3848K, committed 4032K, reserved 1048576K
}
Event: 17.384 GC heap after
{Heap after GC invocations=6 (full 0):
 garbage-first heap   total 79872K, used 30168K [0x0000000087000000, 0x0000000100000000)
  region size 1024K, 4 young (4096K), 4 survivors (4096K)
 Metaspace       used 33288K, committed 33664K, reserved 1114112K
  class space    used 3848K, committed 4032K, reserved 1048576K
}
Event: 22.620 GC heap before
{Heap before GC invocations=6 (full 0):
 garbage-first heap   total 79872K, used 39384K [0x0000000087000000, 0x0000000100000000)
  region size 1024K, 8 young (8192K), 4 survivors (4096K)
 Metaspace       used 35602K, committed 35968K, reserved 1114112K
  class space    used 4068K, committed 4288K, reserved 1048576K
}
Event: 22.622 GC heap after
{Heap after GC invocations=7 (full 0):
 garbage-first heap   total 79872K, used 34988K [0x0000000087000000, 0x0000000100000000)
  region size 1024K, 1 young (1024K), 1 survivors (1024K)
 Metaspace       used 35602K, committed 35968K, reserved 1114112K
  class space    used 4068K, committed 4288K, reserved 1048576K
}
Event: 32.140 GC heap before
{Heap before GC invocations=8 (full 0):
 garbage-first heap   total 79872K, used 76972K [0x0000000087000000, 0x0000000100000000)
  region size 1024K, 22 young (22528K), 1 survivors (1024K)
 Metaspace       used 36944K, committed 37376K, reserved 1114112K
  class space    used 4188K, committed 4416K, reserved 1048576K
}
Event: 32.142 GC heap after
{Heap after GC invocations=9 (full 0):
 garbage-first heap   total 81920K, used 46246K [0x0000000087000000, 0x0000000100000000)
  region size 1024K, 3 young (3072K), 3 survivors (3072K)
 Metaspace       used 36944K, committed 37376K, reserved 1114112K
  class space    used 4188K, committed 4416K, reserved 1048576K
}
Event: 32.144 GC heap before
{Heap before GC invocations=9 (full 0):
 garbage-first heap   total 81920K, used 46246K [0x0000000087000000, 0x0000000100000000)
  region size 1024K, 4 young (4096K), 3 survivors (3072K)
 Metaspace       used 36944K, committed 37376K, reserved 1114112K
  class space    used 4188K, committed 4416K, reserved 1048576K
}
Event: 32.145 GC heap after
{Heap after GC invocations=10 (full 0):
 garbage-first heap   total 81920K, used 40140K [0x0000000087000000, 0x0000000100000000)
  region size 1024K, 1 young (1024K), 1 survivors (1024K)
 Metaspace       used 36944K, committed 37376K, reserved 1114112K
  class space    used 4188K, committed 4416K, reserved 1048576K
}
Event: 32.148 GC heap before
{Heap before GC invocations=10 (full 0):
 garbage-first heap   total 81920K, used 40140K [0x0000000087000000, 0x0000000100000000)
  region size 1024K, 2 young (2048K), 1 survivors (1024K)
 Metaspace       used 36951K, committed 37376K, reserved 1114112K
  class space    used 4188K, committed 4416K, reserved 1048576K
}
Event: 32.149 GC heap after
{Heap after GC invocations=11 (full 0):
 garbage-first heap   total 175104K, used 40773K [0x0000000087000000, 0x0000000100000000)
  region size 1024K, 2 young (2048K), 2 survivors (2048K)
 Metaspace       used 36951K, committed 37376K, reserved 1114112K
  class space    used 4188K, committed 4416K, reserved 1048576K
}

